<?xml version="1.0" encoding="UTF-8"?>
<testng-results ignored="0" total="1" passed="1" failed="0" skipped="0">
  <reporter-output>
  </reporter-output>
  <suite started-at="2021-10-13T16:25:55 IST" name="Default suite" finished-at="2021-10-13T16:26:15 IST" duration-ms="19798">
    <groups>
    </groups>
    <test started-at="2021-10-13T16:25:55 IST" name="Default test" finished-at="2021-10-13T16:26:15 IST" duration-ms="19798">
      <class name="com.ddf.test.LoginTest.loginTest_v_3">
        <test-method signature="testOne()[pri:0, instance:com.ddf.test.LoginTest.loginTest_v_3@3b6d844d]" started-at="2021-10-13T16:25:55 IST" name="testOne" finished-at="2021-10-13T16:26:15 IST" duration-ms="19097" status="PASS">
          <reporter-output>
          </reporter-output>
        </test-method> <!-- testOne -->
        <test-method is-config="true" signature="endReport()[pri:0, instance:com.ddf.test.LoginTest.loginTest_v_3@3b6d844d]" started-at="2021-10-13T16:26:15 IST" name="endReport" finished-at="2021-10-13T16:26:15 IST" duration-ms="652" status="PASS">
          <reporter-output>
          </reporter-output>
        </test-method> <!-- endReport -->
      </class> <!-- com.ddf.test.LoginTest.loginTest_v_3 -->
    </test> <!-- Default test -->
  </suite> <!-- Default suite -->
</testng-results>
